[debug] [2026-03-31T12:23:09.471Z] ----------------------------------------------------------------------
[debug] [2026-03-31T12:23:09.474Z] Command:       /usr/bin/node /usr/local/bin/firebase projects:list
[debug] [2026-03-31T12:23:09.474Z] CLI Version:   14.7.0
[debug] [2026-03-31T12:23:09.474Z] Platform:      linux
[debug] [2026-03-31T12:23:09.474Z] Node Version:  v20.19.2
[debug] [2026-03-31T12:23:09.475Z] Time:          Tue Mar 31 2026 17:53:09 GMT+0530 (India Standard Time)
[debug] [2026-03-31T12:23:09.475Z] ----------------------------------------------------------------------
[debug] 
[debug] [2026-03-31T12:23:09.477Z] >>> [apiv2][query] GET https://firebase-public.firebaseio.com/cli.json [none]
[debug] [2026-03-31T12:23:09.538Z] > command requires scopes: ["email","openid","https://www.googleapis.com/auth/cloudplatformprojects.readonly","https://www.googleapis.com/auth/firebase","https://www.googleapis.com/auth/cloud-platform"]
[debug] [2026-03-31T12:23:09.540Z] > authorizing via signed-in user (connectwithbigpiq@gmail.com)
[debug] [2026-03-31T12:23:09.544Z] Checked if tokens are valid: false, expires at: 1774875019908
[debug] [2026-03-31T12:23:09.545Z] Checked if tokens are valid: false, expires at: 1774875019908
[debug] [2026-03-31T12:23:09.546Z] > refreshing access token with scopes: []
[debug] [2026-03-31T12:23:09.547Z] >>> [apiv2][query] POST https://www.googleapis.com/oauth2/v3/token [none]
[debug] [2026-03-31T12:23:09.548Z] >>> [apiv2][body] POST https://www.googleapis.com/oauth2/v3/token [omitted]
[debug] [2026-03-31T12:23:09.786Z] <<< [apiv2][status] POST https://www.googleapis.com/oauth2/v3/token 200
[debug] [2026-03-31T12:23:09.787Z] <<< [apiv2][body] POST https://www.googleapis.com/oauth2/v3/token [omitted]
[debug] [2026-03-31T12:23:09.814Z] >>> [apiv2][query] GET https://firebase.googleapis.com/v1beta1/projects pageSize=1000
[debug] [2026-03-31T12:23:10.255Z] <<< [apiv2][status] GET https://firebase-public.firebaseio.com/cli.json 200
[debug] [2026-03-31T12:23:10.255Z] <<< [apiv2][body] GET https://firebase-public.firebaseio.com/cli.json {"cloudBuildErrorAfter":1594252800000,"cloudBuildWarnAfter":1590019200000,"defaultNode10After":1594252800000,"minVersion":"3.0.5","node8DeploysDisabledAfter":1613390400000,"node8RuntimeDisabledAfter":1615809600000,"node8WarnAfter":1600128000000}
[debug] [2026-03-31T12:23:10.686Z] <<< [apiv2][status] GET https://firebase.googleapis.com/v1beta1/projects 200
[debug] [2026-03-31T12:23:10.686Z] <<< [apiv2][body] GET https://firebase.googleapis.com/v1beta1/projects [omitted]
[info] ┌──────────────────────┬──────────────────────────┬────────────────┬──────────────────────┐
│ Project Display Name │ Project ID               │ Project Number │ Resource Location ID │
├──────────────────────┼──────────────────────────┼────────────────┼──────────────────────┤
│ Ayura                │ ayura-6cac9              │ 646101783490   │ [Not specified]      │
├──────────────────────┼──────────────────────────┼────────────────┼──────────────────────┤
│ BIGPIQ               │ big-piq                  │ 926890928002   │ [Not specified]      │
├──────────────────────┼──────────────────────────┼────────────────┼──────────────────────┤
│ GoalieX              │ goaliex-e0709            │ 197322318470   │ [Not specified]      │
├──────────────────────┼──────────────────────────┼────────────────┼──────────────────────┤
│ health pack          │ health-pack-e841c        │ 332769879710   │ [Not specified]      │
├──────────────────────┼──────────────────────────┼────────────────┼──────────────────────┤
│ PrepBuddy            │ prepbuddy-6aa4b          │ 28741103477    │ [Not specified]      │
├──────────────────────┼──────────────────────────┼────────────────┼──────────────────────┤
│ SearchMVP            │ searchmvp-849a8          │ 389660707450   │ [Not specified]      │
├──────────────────────┼──────────────────────────┼────────────────┼──────────────────────┤
│ the-alignment-code   │ the-alignment-code-eae6c │ 500253773696   │ [Not specified]      │
├──────────────────────┼──────────────────────────┼────────────────┼──────────────────────┤
│ thealignmentcode     │ thealignmentcode         │ 785202929588   │ [Not specified]      │
└──────────────────────┴──────────────────────────┴────────────────┴──────────────────────┘
[info] 
[info] 8 project(s) total.
[debug] [2026-03-31T12:23:42.278Z] ----------------------------------------------------------------------
[debug] [2026-03-31T12:23:42.288Z] Command:       /home/smita/.nvm/versions/node/v24.4.0/bin/node /usr/local/bin/firebase init
[debug] [2026-03-31T12:23:42.288Z] CLI Version:   14.7.0
[debug] [2026-03-31T12:23:42.288Z] Platform:      linux
[debug] [2026-03-31T12:23:42.288Z] Node Version:  v24.4.0
[debug] [2026-03-31T12:23:42.288Z] Time:          Tue Mar 31 2026 17:53:42 GMT+0530 (India Standard Time)
[debug] [2026-03-31T12:23:42.288Z] ----------------------------------------------------------------------
[debug] 
[debug] [2026-03-31T12:23:42.292Z] > command requires scopes: ["email","openid","https://www.googleapis.com/auth/cloudplatformprojects.readonly","https://www.googleapis.com/auth/firebase","https://www.googleapis.com/auth/cloud-platform"]
[debug] [2026-03-31T12:23:42.293Z] > authorizing via signed-in user (connectwithbigpiq@gmail.com)
[info] 
     ######## #### ########  ######## ########     ###     ######  ########
     ##        ##  ##     ## ##       ##     ##  ##   ##  ##       ##
     ######    ##  ########  ######   ########  #########  ######  ######
     ##        ##  ##    ##  ##       ##     ## ##     ##       ## ##
     ##       #### ##     ## ######## ########  ##     ##  ######  ########

You're about to initialize a Firebase project in this directory:

  /home/smita/Documents/shared-list-app

[info] 
=== Project Setup
[info] 
[info] First, let's associate this project directory with a Firebase project.
[info] You can create multiple project aliases by running firebase use --add, 
[info] but for now we'll just set up a default project.
[info] 
[info] i  If you want to create a project in a Google Cloud organization or folder, please use "firebase projects:create" instead, and return to this command when you've created the project. 
[debug] [2026-03-31T12:24:32.771Z] Checked if tokens are valid: true, expires at: 1774963388787
[debug] [2026-03-31T12:24:32.771Z] Checked if tokens are valid: true, expires at: 1774963388787
[debug] [2026-03-31T12:24:32.773Z] >>> [apiv2][query] POST https://cloudresourcemanager.googleapis.com/v1/projects [none]
[debug] [2026-03-31T12:24:32.773Z] >>> [apiv2][body] POST https://cloudresourcemanager.googleapis.com/v1/projects {"projectId":"listee","name":"listee"}
[debug] [2026-03-31T12:24:34.231Z] <<< [apiv2][status] POST https://cloudresourcemanager.googleapis.com/v1/projects 409
[debug] [2026-03-31T12:24:34.231Z] <<< [apiv2][body] POST https://cloudresourcemanager.googleapis.com/v1/projects {"error":{"code":409,"message":"Requested entity already exists","status":"ALREADY_EXISTS"}}
[debug] [2026-03-31T12:24:34.415Z] FirebaseError: Request to https://cloudresourcemanager.googleapis.com/v1/projects had HTTP Error: 409, Requested entity already exists
    at responseToError (/usr/local/lib/node_modules/firebase-tools/lib/responseToError.js:52:12)
    at RetryOperation._fn (/usr/local/lib/node_modules/firebase-tools/lib/apiv2.js:312:77)
    at process.processTicksAndRejections (node:internal/process/task_queues:105:5)
[error] 
[error] Error: Failed to create project because there is already a project with ID listee. Please try again with a unique project ID.
[debug] [2026-03-31T12:25:53.771Z] ----------------------------------------------------------------------
[debug] [2026-03-31T12:25:53.773Z] Command:       /usr/bin/node /usr/local/bin/firebase projects:create listee --display-name listee
[debug] [2026-03-31T12:25:53.773Z] CLI Version:   14.7.0
[debug] [2026-03-31T12:25:53.773Z] Platform:      linux
[debug] [2026-03-31T12:25:53.774Z] Node Version:  v20.19.2
[debug] [2026-03-31T12:25:53.774Z] Time:          Tue Mar 31 2026 17:55:53 GMT+0530 (India Standard Time)
[debug] [2026-03-31T12:25:53.774Z] ----------------------------------------------------------------------
[debug] 
[debug] [2026-03-31T12:25:53.780Z] > command requires scopes: ["email","openid","https://www.googleapis.com/auth/cloudplatformprojects.readonly","https://www.googleapis.com/auth/firebase","https://www.googleapis.com/auth/cloud-platform"]
[debug] [2026-03-31T12:25:53.781Z] > authorizing via signed-in user (connectwithbigpiq@gmail.com)
[debug] [2026-03-31T12:25:53.785Z] Checked if tokens are valid: true, expires at: 1774963388787
[debug] [2026-03-31T12:25:53.786Z] Checked if tokens are valid: true, expires at: 1774963388787
[debug] [2026-03-31T12:25:53.787Z] >>> [apiv2][query] POST https://cloudresourcemanager.googleapis.com/v1/projects [none]
[debug] [2026-03-31T12:25:53.788Z] >>> [apiv2][body] POST https://cloudresourcemanager.googleapis.com/v1/projects {"projectId":"listee","name":"listee"}
[debug] [2026-03-31T12:25:55.206Z] <<< [apiv2][status] POST https://cloudresourcemanager.googleapis.com/v1/projects 409
[debug] [2026-03-31T12:25:55.206Z] <<< [apiv2][body] POST https://cloudresourcemanager.googleapis.com/v1/projects {"error":{"code":409,"message":"Requested entity already exists","status":"ALREADY_EXISTS"}}
[debug] [2026-03-31T12:25:55.390Z] FirebaseError: Request to https://cloudresourcemanager.googleapis.com/v1/projects had HTTP Error: 409, Requested entity already exists
    at responseToError (/usr/local/lib/node_modules/firebase-tools/lib/responseToError.js:52:12)
    at RetryOperation._fn (/usr/local/lib/node_modules/firebase-tools/lib/apiv2.js:312:77)
    at process.processTicksAndRejections (node:internal/process/task_queues:95:5)
[error] 
[error] Error: Failed to create project because there is already a project with ID listee. Please try again with a unique project ID.
[debug] [2026-03-31T12:26:09.753Z] ----------------------------------------------------------------------
[debug] [2026-03-31T12:26:09.756Z] Command:       /usr/bin/node /usr/local/bin/firebase projects:create listee-hosting-2026 --display-name listee
[debug] [2026-03-31T12:26:09.756Z] CLI Version:   14.7.0
[debug] [2026-03-31T12:26:09.756Z] Platform:      linux
[debug] [2026-03-31T12:26:09.756Z] Node Version:  v20.19.2
[debug] [2026-03-31T12:26:09.756Z] Time:          Tue Mar 31 2026 17:56:09 GMT+0530 (India Standard Time)
[debug] [2026-03-31T12:26:09.756Z] ----------------------------------------------------------------------
[debug] 
[debug] [2026-03-31T12:26:09.761Z] > command requires scopes: ["email","openid","https://www.googleapis.com/auth/cloudplatformprojects.readonly","https://www.googleapis.com/auth/firebase","https://www.googleapis.com/auth/cloud-platform"]
[debug] [2026-03-31T12:26:09.763Z] > authorizing via signed-in user (connectwithbigpiq@gmail.com)
[debug] [2026-03-31T12:26:09.766Z] Checked if tokens are valid: true, expires at: 1774963388787
[debug] [2026-03-31T12:26:09.767Z] Checked if tokens are valid: true, expires at: 1774963388787
[debug] [2026-03-31T12:26:09.769Z] >>> [apiv2][query] POST https://cloudresourcemanager.googleapis.com/v1/projects [none]
[debug] [2026-03-31T12:26:09.769Z] >>> [apiv2][body] POST https://cloudresourcemanager.googleapis.com/v1/projects {"projectId":"listee-hosting-2026","name":"listee"}
[debug] [2026-03-31T12:26:11.349Z] <<< [apiv2][status] POST https://cloudresourcemanager.googleapis.com/v1/projects 200
[debug] [2026-03-31T12:26:11.350Z] <<< [apiv2][body] POST https://cloudresourcemanager.googleapis.com/v1/projects {"name":"operations/create_project.global.4803076455705421569"}
[debug] [2026-03-31T12:26:11.351Z] Checked if tokens are valid: true, expires at: 1774963388787
[debug] [2026-03-31T12:26:11.352Z] Checked if tokens are valid: true, expires at: 1774963388787
[debug] [2026-03-31T12:26:11.352Z] >>> [apiv2][query] GET https://cloudresourcemanager.googleapis.com/v1/operations/create_project.global.4803076455705421569 [none]
[debug] [2026-03-31T12:26:12.635Z] <<< [apiv2][status] GET https://cloudresourcemanager.googleapis.com/v1/operations/create_project.global.4803076455705421569 200
[debug] [2026-03-31T12:26:12.635Z] <<< [apiv2][body] GET https://cloudresourcemanager.googleapis.com/v1/operations/create_project.global.4803076455705421569 {"name":"operations/create_project.global.4803076455705421569"}
[debug] [2026-03-31T12:26:13.137Z] [Project Creation Poller] Retrying task index 0
[debug] [2026-03-31T12:26:13.138Z] Checked if tokens are valid: true, expires at: 1774963388787
[debug] [2026-03-31T12:26:13.138Z] Checked if tokens are valid: true, expires at: 1774963388787
[debug] [2026-03-31T12:26:13.138Z] >>> [apiv2][query] GET https://cloudresourcemanager.googleapis.com/v1/operations/create_project.global.4803076455705421569 [none]
[debug] [2026-03-31T12:26:13.437Z] <<< [apiv2][status] GET https://cloudresourcemanager.googleapis.com/v1/operations/create_project.global.4803076455705421569 200
[debug] [2026-03-31T12:26:13.437Z] <<< [apiv2][body] GET https://cloudresourcemanager.googleapis.com/v1/operations/create_project.global.4803076455705421569 {"name":"operations/create_project.global.4803076455705421569","metadata":{"@type":"type.googleapis.com/google.cloudresourcemanager.v1.ProjectCreationStatus","gettable":true,"ready":true},"done":true,"response":{"@type":"type.googleapis.com/google.cloudresourcemanager.v1.Project","projectNumber":"927155966042","projectId":"listee-hosting-2026","lifecycleState":"ACTIVE","name":"listee","createTime":"2026-03-31T12:26:11.078Z"}}
[debug] [2026-03-31T12:26:13.438Z] Checked if tokens are valid: true, expires at: 1774963388787
[debug] [2026-03-31T12:26:13.438Z] Checked if tokens are valid: true, expires at: 1774963388787
[debug] [2026-03-31T12:26:13.438Z] >>> [apiv2][query] POST https://firebase.googleapis.com/v1beta1/projects/listee-hosting-2026:addFirebase [none]
[debug] [2026-03-31T12:26:17.293Z] <<< [apiv2][status] POST https://firebase.googleapis.com/v1beta1/projects/listee-hosting-2026:addFirebase 200
[debug] [2026-03-31T12:26:17.293Z] <<< [apiv2][body] POST https://firebase.googleapis.com/v1beta1/projects/listee-hosting-2026:addFirebase {"name":"operations/workflows/ZThjM2YxZGQtNTdhNC00ZWE4LThjOGItZTk4YTgxZWVmODQ1"}
[debug] [2026-03-31T12:26:17.294Z] Checked if tokens are valid: true, expires at: 1774963388787
[debug] [2026-03-31T12:26:17.294Z] Checked if tokens are valid: true, expires at: 1774963388787
[debug] [2026-03-31T12:26:17.294Z] >>> [apiv2][query] GET https://firebase.googleapis.com/v1beta1/operations/workflows/ZThjM2YxZGQtNTdhNC00ZWE4LThjOGItZTk4YTgxZWVmODQ1 [none]
[debug] [2026-03-31T12:26:18.449Z] <<< [apiv2][status] GET https://firebase.googleapis.com/v1beta1/operations/workflows/ZThjM2YxZGQtNTdhNC00ZWE4LThjOGItZTk4YTgxZWVmODQ1 200
[debug] [2026-03-31T12:26:18.449Z] <<< [apiv2][body] GET https://firebase.googleapis.com/v1beta1/operations/workflows/ZThjM2YxZGQtNTdhNC00ZWE4LThjOGItZTk4YTgxZWVmODQ1 {"name":"operations/workflows/ZThjM2YxZGQtNTdhNC00ZWE4LThjOGItZTk4YTgxZWVmODQ1"}
[debug] [2026-03-31T12:26:18.950Z] [Add Firebase Poller] Retrying task index 0
[debug] [2026-03-31T12:26:18.950Z] Checked if tokens are valid: true, expires at: 1774963388787
[debug] [2026-03-31T12:26:18.951Z] Checked if tokens are valid: true, expires at: 1774963388787
[debug] [2026-03-31T12:26:18.951Z] >>> [apiv2][query] GET https://firebase.googleapis.com/v1beta1/operations/workflows/ZThjM2YxZGQtNTdhNC00ZWE4LThjOGItZTk4YTgxZWVmODQ1 [none]
[debug] [2026-03-31T12:26:20.851Z] <<< [apiv2][status] GET https://firebase.googleapis.com/v1beta1/operations/workflows/ZThjM2YxZGQtNTdhNC00ZWE4LThjOGItZTk4YTgxZWVmODQ1 200
[debug] [2026-03-31T12:26:20.851Z] <<< [apiv2][body] GET https://firebase.googleapis.com/v1beta1/operations/workflows/ZThjM2YxZGQtNTdhNC00ZWE4LThjOGItZTk4YTgxZWVmODQ1 {"name":"operations/workflows/ZThjM2YxZGQtNTdhNC00ZWE4LThjOGItZTk4YTgxZWVmODQ1"}
[debug] [2026-03-31T12:26:21.852Z] [Add Firebase Poller] Retrying task index 0
[debug] [2026-03-31T12:26:21.852Z] Checked if tokens are valid: true, expires at: 1774963388787
[debug] [2026-03-31T12:26:21.852Z] Checked if tokens are valid: true, expires at: 1774963388787
[debug] [2026-03-31T12:26:21.853Z] >>> [apiv2][query] GET https://firebase.googleapis.com/v1beta1/operations/workflows/ZThjM2YxZGQtNTdhNC00ZWE4LThjOGItZTk4YTgxZWVmODQ1 [none]
[debug] [2026-03-31T12:26:22.962Z] <<< [apiv2][status] GET https://firebase.googleapis.com/v1beta1/operations/workflows/ZThjM2YxZGQtNTdhNC00ZWE4LThjOGItZTk4YTgxZWVmODQ1 200
[debug] [2026-03-31T12:26:22.963Z] <<< [apiv2][body] GET https://firebase.googleapis.com/v1beta1/operations/workflows/ZThjM2YxZGQtNTdhNC00ZWE4LThjOGItZTk4YTgxZWVmODQ1 {"name":"operations/workflows/ZThjM2YxZGQtNTdhNC00ZWE4LThjOGItZTk4YTgxZWVmODQ1"}
[debug] [2026-03-31T12:26:24.965Z] [Add Firebase Poller] Retrying task index 0
[debug] [2026-03-31T12:26:24.966Z] Checked if tokens are valid: true, expires at: 1774963388787
[debug] [2026-03-31T12:26:24.966Z] Checked if tokens are valid: true, expires at: 1774963388787
[debug] [2026-03-31T12:26:24.966Z] >>> [apiv2][query] GET https://firebase.googleapis.com/v1beta1/operations/workflows/ZThjM2YxZGQtNTdhNC00ZWE4LThjOGItZTk4YTgxZWVmODQ1 [none]
[debug] [2026-03-31T12:26:25.841Z] <<< [apiv2][status] GET https://firebase.googleapis.com/v1beta1/operations/workflows/ZThjM2YxZGQtNTdhNC00ZWE4LThjOGItZTk4YTgxZWVmODQ1 200
[debug] [2026-03-31T12:26:25.841Z] <<< [apiv2][body] GET https://firebase.googleapis.com/v1beta1/operations/workflows/ZThjM2YxZGQtNTdhNC00ZWE4LThjOGItZTk4YTgxZWVmODQ1 {"name":"operations/workflows/ZThjM2YxZGQtNTdhNC00ZWE4LThjOGItZTk4YTgxZWVmODQ1"}
[debug] [2026-03-31T12:26:29.844Z] [Add Firebase Poller] Retrying task index 0
[debug] [2026-03-31T12:26:29.845Z] Checked if tokens are valid: true, expires at: 1774963388787
[debug] [2026-03-31T12:26:29.845Z] Checked if tokens are valid: true, expires at: 1774963388787
[debug] [2026-03-31T12:26:29.845Z] >>> [apiv2][query] GET https://firebase.googleapis.com/v1beta1/operations/workflows/ZThjM2YxZGQtNTdhNC00ZWE4LThjOGItZTk4YTgxZWVmODQ1 [none]
[debug] [2026-03-31T12:26:31.133Z] <<< [apiv2][status] GET https://firebase.googleapis.com/v1beta1/operations/workflows/ZThjM2YxZGQtNTdhNC00ZWE4LThjOGItZTk4YTgxZWVmODQ1 200
[debug] [2026-03-31T12:26:31.134Z] <<< [apiv2][body] GET https://firebase.googleapis.com/v1beta1/operations/workflows/ZThjM2YxZGQtNTdhNC00ZWE4LThjOGItZTk4YTgxZWVmODQ1 {"name":"operations/workflows/ZThjM2YxZGQtNTdhNC00ZWE4LThjOGItZTk4YTgxZWVmODQ1","done":true,"response":{"@type":"type.googleapis.com/google.firebase.service.v1beta1.FirebaseProject","projectId":"listee-hosting-2026","projectNumber":"927155966042","displayName":"listee","name":"projects/listee-hosting-2026","resources":{"hostingSite":"listee-hosting-2026"}}}
[info] 
[info] 🎉🎉🎉 Your Firebase project is ready! 🎉🎉🎉
[info] 
[info] Project information:
[info]    - Project ID: listee-hosting-2026
[info]    - Project Name: listee
[info] 
[info] Firebase console is available at
[info] https://console.firebase.google.com/project/listee-hosting-2026/overview
[debug] [2026-03-31T12:27:58.091Z] ----------------------------------------------------------------------
[debug] [2026-03-31T12:27:58.094Z] Command:       /usr/bin/node /usr/local/bin/firebase deploy --only hosting
[debug] [2026-03-31T12:27:58.095Z] CLI Version:   14.7.0
[debug] [2026-03-31T12:27:58.095Z] Platform:      linux
[debug] [2026-03-31T12:27:58.095Z] Node Version:  v20.19.2
[debug] [2026-03-31T12:27:58.096Z] Time:          Tue Mar 31 2026 17:57:58 GMT+0530 (India Standard Time)
[debug] [2026-03-31T12:27:58.096Z] ----------------------------------------------------------------------
[debug] 
[debug] [2026-03-31T12:27:58.409Z] > command requires scopes: ["email","openid","https://www.googleapis.com/auth/cloudplatformprojects.readonly","https://www.googleapis.com/auth/firebase","https://www.googleapis.com/auth/cloud-platform"]
[debug] [2026-03-31T12:27:58.410Z] > authorizing via signed-in user (connectwithbigpiq@gmail.com)
[debug] [2026-03-31T12:27:58.411Z] [iam] checking project listee-hosting-2026 for permissions ["firebase.projects.get","firebasehosting.sites.update"]
[debug] [2026-03-31T12:27:58.412Z] Checked if tokens are valid: true, expires at: 1774963388787
[debug] [2026-03-31T12:27:58.412Z] Checked if tokens are valid: true, expires at: 1774963388787
[debug] [2026-03-31T12:27:58.413Z] >>> [apiv2][query] POST https://cloudresourcemanager.googleapis.com/v1/projects/listee-hosting-2026:testIamPermissions [none]
[debug] [2026-03-31T12:27:58.414Z] >>> [apiv2][(partial)header] POST https://cloudresourcemanager.googleapis.com/v1/projects/listee-hosting-2026:testIamPermissions x-goog-quota-user=projects/listee-hosting-2026
[debug] [2026-03-31T12:27:58.414Z] >>> [apiv2][body] POST https://cloudresourcemanager.googleapis.com/v1/projects/listee-hosting-2026:testIamPermissions {"permissions":["firebase.projects.get","firebasehosting.sites.update"]}
[debug] [2026-03-31T12:27:59.801Z] <<< [apiv2][status] POST https://cloudresourcemanager.googleapis.com/v1/projects/listee-hosting-2026:testIamPermissions 200
[debug] [2026-03-31T12:27:59.801Z] <<< [apiv2][body] POST https://cloudresourcemanager.googleapis.com/v1/projects/listee-hosting-2026:testIamPermissions {"permissions":["firebase.projects.get","firebasehosting.sites.update"]}
[debug] [2026-03-31T12:27:59.802Z] Checked if tokens are valid: true, expires at: 1774963388787
[debug] [2026-03-31T12:27:59.803Z] Checked if tokens are valid: true, expires at: 1774963388787
[debug] [2026-03-31T12:27:59.803Z] >>> [apiv2][query] GET https://firebase.googleapis.com/v1beta1/projects/listee-hosting-2026 [none]
[debug] [2026-03-31T12:28:00.468Z] <<< [apiv2][status] GET https://firebase.googleapis.com/v1beta1/projects/listee-hosting-2026 200
[debug] [2026-03-31T12:28:00.468Z] <<< [apiv2][body] GET https://firebase.googleapis.com/v1beta1/projects/listee-hosting-2026 {"projectId":"listee-hosting-2026","projectNumber":"927155966042","displayName":"listee","name":"projects/listee-hosting-2026","resources":{"hostingSite":"listee-hosting-2026"},"state":"ACTIVE","etag":"1_05b4a2b1-bc42-478a-aa54-004d1baacc19"}
[info] 
[info] === Deploying to 'listee-hosting-2026'...
[info] 
[info] i  deploying hosting 
[debug] [2026-03-31T12:28:00.475Z] Checked if tokens are valid: true, expires at: 1774963388787
[debug] [2026-03-31T12:28:00.476Z] Checked if tokens are valid: true, expires at: 1774963388787
[debug] [2026-03-31T12:28:00.476Z] >>> [apiv2][query] POST https://firebasehosting.googleapis.com/v1beta1/projects/-/sites/listee-hosting-2026/versions [none]
[debug] [2026-03-31T12:28:00.476Z] >>> [apiv2][body] POST https://firebasehosting.googleapis.com/v1beta1/projects/-/sites/listee-hosting-2026/versions {"status":"CREATED","labels":{"deployment-tool":"cli-firebase"}}
[debug] [2026-03-31T12:28:02.823Z] <<< [apiv2][status] POST https://firebasehosting.googleapis.com/v1beta1/projects/-/sites/listee-hosting-2026/versions 200
[debug] [2026-03-31T12:28:02.823Z] <<< [apiv2][body] POST https://firebasehosting.googleapis.com/v1beta1/projects/-/sites/listee-hosting-2026/versions {"name":"projects/927155966042/sites/listee-hosting-2026/versions/78cd94effdb63eac","status":"CREATED","config":{},"labels":{"deployment-tool":"cli-firebase"}}
[info] i  hosting[listee-hosting-2026]: beginning deploy... 
[info] i  hosting[listee-hosting-2026]: found 3 files in dist 
[debug] [2026-03-31T12:28:02.842Z] [hosting] uploading with 200 concurrency
[debug] [2026-03-31T12:28:02.843Z] [hosting] hash cache [ZGlzdA] not populated
[debug] [2026-03-31T12:28:02.867Z] Checked if tokens are valid: true, expires at: 1774963388787
[debug] [2026-03-31T12:28:02.868Z] Checked if tokens are valid: true, expires at: 1774963388787
[debug] [2026-03-31T12:28:02.869Z] [hosting] hash cache [ZGlzdA] stored for 3 files
[debug] [2026-03-31T12:28:02.870Z] [hosting][hash queue][FINAL] {"max":21,"min":5,"avg":11,"active":0,"complete":3,"success":3,"errored":0,"retried":0,"total":3,"elapsed":26}
[debug] [2026-03-31T12:28:02.870Z] >>> [apiv2][query] POST https://firebasehosting.googleapis.com/v1beta1/projects/927155966042/sites/listee-hosting-2026/versions/78cd94effdb63eac:populateFiles [none]
[debug] [2026-03-31T12:28:02.870Z] >>> [apiv2][body] POST https://firebasehosting.googleapis.com/v1beta1/projects/927155966042/sites/listee-hosting-2026/versions/78cd94effdb63eac:populateFiles {"files":{"/index.html":"fd3eb70b7d2a2bc9de011974b4990ece6c3450e1743910580e7c08d2b44da28e","/assets/index-C2aGhDde.css":"f61bbfe771f8e3d35bd4c17835f94aa6bab5666809c7f3264d6c2a15fa96dc69","/assets/index-rtTCqvSC.js":"b58bbd6150dc5d401e875276c110d8bb7d8302a8b64a4b874b336d47cb827538"}}
[debug] [2026-03-31T12:28:03.542Z] <<< [apiv2][status] POST https://firebasehosting.googleapis.com/v1beta1/projects/927155966042/sites/listee-hosting-2026/versions/78cd94effdb63eac:populateFiles 200
[debug] [2026-03-31T12:28:03.543Z] <<< [apiv2][body] POST https://firebasehosting.googleapis.com/v1beta1/projects/927155966042/sites/listee-hosting-2026/versions/78cd94effdb63eac:populateFiles {"uploadRequiredHashes":["b58bbd6150dc5d401e875276c110d8bb7d8302a8b64a4b874b336d47cb827538","fd3eb70b7d2a2bc9de011974b4990ece6c3450e1743910580e7c08d2b44da28e","f61bbfe771f8e3d35bd4c17835f94aa6bab5666809c7f3264d6c2a15fa96dc69"],"uploadUrl":"https://upload-firebasehosting.googleapis.com/upload/sites/listee-hosting-2026/versions/78cd94effdb63eac/files"}
[debug] [2026-03-31T12:28:03.544Z] Checked if tokens are valid: true, expires at: 1774963388787
[debug] [2026-03-31T12:28:03.546Z] Checked if tokens are valid: true, expires at: 1774963388787
[debug] [2026-03-31T12:28:03.547Z] Checked if tokens are valid: true, expires at: 1774963388787
[debug] [2026-03-31T12:28:03.548Z] Checked if tokens are valid: true, expires at: 1774963388787
[debug] [2026-03-31T12:28:03.548Z] Checked if tokens are valid: true, expires at: 1774963388787
[debug] [2026-03-31T12:28:03.549Z] Checked if tokens are valid: true, expires at: 1774963388787
[debug] [2026-03-31T12:28:03.549Z] >>> [apiv2][query] POST https://upload-firebasehosting.googleapis.com/upload/sites/listee-hosting-2026/versions/78cd94effdb63eac/files/b58bbd6150dc5d401e875276c110d8bb7d8302a8b64a4b874b336d47cb827538 [none]
[debug] [2026-03-31T12:28:03.549Z] >>> [apiv2][body] POST https://upload-firebasehosting.googleapis.com/upload/sites/listee-hosting-2026/versions/78cd94effdb63eac/files/b58bbd6150dc5d401e875276c110d8bb7d8302a8b64a4b874b336d47cb827538 [stream]
[debug] [2026-03-31T12:28:03.553Z] >>> [apiv2][query] POST https://upload-firebasehosting.googleapis.com/upload/sites/listee-hosting-2026/versions/78cd94effdb63eac/files/fd3eb70b7d2a2bc9de011974b4990ece6c3450e1743910580e7c08d2b44da28e [none]
[debug] [2026-03-31T12:28:03.553Z] >>> [apiv2][body] POST https://upload-firebasehosting.googleapis.com/upload/sites/listee-hosting-2026/versions/78cd94effdb63eac/files/fd3eb70b7d2a2bc9de011974b4990ece6c3450e1743910580e7c08d2b44da28e [stream]
[debug] [2026-03-31T12:28:03.556Z] >>> [apiv2][query] POST https://upload-firebasehosting.googleapis.com/upload/sites/listee-hosting-2026/versions/78cd94effdb63eac/files/f61bbfe771f8e3d35bd4c17835f94aa6bab5666809c7f3264d6c2a15fa96dc69 [none]
[debug] [2026-03-31T12:28:03.557Z] >>> [apiv2][body] POST https://upload-firebasehosting.googleapis.com/upload/sites/listee-hosting-2026/versions/78cd94effdb63eac/files/f61bbfe771f8e3d35bd4c17835f94aa6bab5666809c7f3264d6c2a15fa96dc69 [stream]
[debug] [2026-03-31T12:28:03.560Z] [hosting][populate queue][FINAL] {"max":682,"min":682,"avg":682,"active":0,"complete":1,"success":1,"errored":0,"retried":0,"total":1,"elapsed":694}
[debug] [2026-03-31T12:28:03.560Z] [hosting] uploads queued: 3
[info] i  hosting: uploading new files [0/3] (0%) 
[debug] [2026-03-31T12:28:05.220Z] <<< [apiv2][status] POST https://upload-firebasehosting.googleapis.com/upload/sites/listee-hosting-2026/versions/78cd94effdb63eac/files/b58bbd6150dc5d401e875276c110d8bb7d8302a8b64a4b874b336d47cb827538 200
[debug] [2026-03-31T12:28:05.220Z] <<< [apiv2][body] POST https://upload-firebasehosting.googleapis.com/upload/sites/listee-hosting-2026/versions/78cd94effdb63eac/files/b58bbd6150dc5d401e875276c110d8bb7d8302a8b64a4b874b336d47cb827538 [stream]
[debug] [2026-03-31T12:28:05.362Z] <<< [apiv2][status] POST https://upload-firebasehosting.googleapis.com/upload/sites/listee-hosting-2026/versions/78cd94effdb63eac/files/fd3eb70b7d2a2bc9de011974b4990ece6c3450e1743910580e7c08d2b44da28e 200
[debug] [2026-03-31T12:28:05.363Z] <<< [apiv2][body] POST https://upload-firebasehosting.googleapis.com/upload/sites/listee-hosting-2026/versions/78cd94effdb63eac/files/fd3eb70b7d2a2bc9de011974b4990ece6c3450e1743910580e7c08d2b44da28e [stream]
[debug] [2026-03-31T12:28:05.558Z] <<< [apiv2][status] POST https://upload-firebasehosting.googleapis.com/upload/sites/listee-hosting-2026/versions/78cd94effdb63eac/files/f61bbfe771f8e3d35bd4c17835f94aa6bab5666809c7f3264d6c2a15fa96dc69 200
[debug] [2026-03-31T12:28:05.558Z] <<< [apiv2][body] POST https://upload-firebasehosting.googleapis.com/upload/sites/listee-hosting-2026/versions/78cd94effdb63eac/files/f61bbfe771f8e3d35bd4c17835f94aa6bab5666809c7f3264d6c2a15fa96dc69 [stream]
[debug] [2026-03-31T12:28:05.558Z] [hosting][upload queue][FINAL] {"max":2010,"min":1678,"avg":1835,"active":0,"complete":3,"success":3,"errored":0,"retried":0,"total":3,"elapsed":2015}
[info] i  hosting: upload complete 
[info] ✔  hosting[listee-hosting-2026]: file upload complete 
[debug] [2026-03-31T12:28:05.559Z] [hosting] deploy completed after 2727ms
[debug] [2026-03-31T12:28:05.559Z] [
  {
    "config": {
      "public": "dist",
      "ignore": [
        "firebase.json",
        "**/.*",
        "**/node_modules/**"
      ],
      "rewrites": [
        {
          "source": "**",
          "destination": "/index.html"
        }
      ],
      "site": "listee-hosting-2026"
    },
    "version": "projects/927155966042/sites/listee-hosting-2026/versions/78cd94effdb63eac"
  }
]
[info] i  hosting[listee-hosting-2026]: finalizing version... 
[debug] [2026-03-31T12:28:05.561Z] Checked if tokens are valid: true, expires at: 1774963388787
[debug] [2026-03-31T12:28:05.562Z] Checked if tokens are valid: true, expires at: 1774963388787
[debug] [2026-03-31T12:28:05.562Z] >>> [apiv2][query] PATCH https://firebasehosting.googleapis.com/v1beta1/projects/-/sites/listee-hosting-2026/versions/78cd94effdb63eac updateMask=status%2Cconfig
[debug] [2026-03-31T12:28:05.563Z] >>> [apiv2][body] PATCH https://firebasehosting.googleapis.com/v1beta1/projects/-/sites/listee-hosting-2026/versions/78cd94effdb63eac {"status":"FINALIZED","config":{"rewrites":[{"glob":"**","path":"/index.html"}]}}
[debug] [2026-03-31T12:28:06.542Z] <<< [apiv2][status] PATCH https://firebasehosting.googleapis.com/v1beta1/projects/-/sites/listee-hosting-2026/versions/78cd94effdb63eac 200
[debug] [2026-03-31T12:28:06.543Z] <<< [apiv2][body] PATCH https://firebasehosting.googleapis.com/v1beta1/projects/-/sites/listee-hosting-2026/versions/78cd94effdb63eac {"name":"projects/927155966042/sites/listee-hosting-2026/versions/78cd94effdb63eac","status":"FINALIZED","config":{"rewrites":[{"glob":"**","path":"/index.html"}]},"labels":{"deployment-tool":"cli-firebase"},"createTime":"2026-03-31T12:28:01.669786Z","createUser":{"email":"connectwithbigpiq@gmail.com"},"finalizeTime":"2026-03-31T12:28:06.336048Z","finalizeUser":{"email":"connectwithbigpiq@gmail.com"}}
[debug] [2026-03-31T12:28:06.543Z] [hosting] finalized version for listee-hosting-2026:[object Object]
[info] ✔  hosting[listee-hosting-2026]: version finalized 
[info] i  hosting[listee-hosting-2026]: releasing new version... 
[debug] [2026-03-31T12:28:06.544Z] Checked if tokens are valid: true, expires at: 1774963388787
[debug] [2026-03-31T12:28:06.544Z] Checked if tokens are valid: true, expires at: 1774963388787
[debug] [2026-03-31T12:28:06.544Z] >>> [apiv2][query] POST https://firebasehosting.googleapis.com/v1beta1/projects/-/sites/listee-hosting-2026/channels/live/releases versionName=projects%2F927155966042%2Fsites%2Flistee-hosting-2026%2Fversions%2F78cd94effdb63eac
[debug] [2026-03-31T12:28:06.545Z] >>> [apiv2][body] POST https://firebasehosting.googleapis.com/v1beta1/projects/-/sites/listee-hosting-2026/channels/live/releases {}
[debug] [2026-03-31T12:28:07.275Z] <<< [apiv2][status] POST https://firebasehosting.googleapis.com/v1beta1/projects/-/sites/listee-hosting-2026/channels/live/releases 200
[debug] [2026-03-31T12:28:07.275Z] <<< [apiv2][body] POST https://firebasehosting.googleapis.com/v1beta1/projects/-/sites/listee-hosting-2026/channels/live/releases {"name":"projects/927155966042/sites/listee-hosting-2026/channels/live/releases/1774960086391000","version":{"name":"projects/927155966042/sites/listee-hosting-2026/versions/78cd94effdb63eac","status":"FINALIZED","config":{"rewrites":[{"glob":"**","path":"/index.html"}]},"labels":{"deployment-tool":"cli-firebase"},"createTime":"2026-03-31T12:28:01.669786Z","createUser":{"email":"connectwithbigpiq@gmail.com","imageUrl":"https://lh3.googleusercontent.com/a/ACg8ocLu49ectVAVh-GkC77w23WxJ2CLM2qReAfvbOqM2Q9OuDBAupo"},"finalizeTime":"2026-03-31T12:28:06.336048Z","finalizeUser":{"email":"connectwithbigpiq@gmail.com","imageUrl":"https://lh3.googleusercontent.com/a/ACg8ocLu49ectVAVh-GkC77w23WxJ2CLM2qReAfvbOqM2Q9OuDBAupo"}},"type":"DEPLOY","releaseTime":"2026-03-31T12:28:06.391Z","releaseUser":{"email":"connectwithbigpiq@gmail.com","imageUrl":"https://lh3.googleusercontent.com/a/ACg8ocLu49ectVAVh-GkC77w23WxJ2CLM2qReAfvbOqM2Q9OuDBAupo"}}
[debug] [2026-03-31T12:28:07.275Z] [hosting] release: {"name":"projects/927155966042/sites/listee-hosting-2026/channels/live/releases/1774960086391000","version":{"name":"projects/927155966042/sites/listee-hosting-2026/versions/78cd94effdb63eac","status":"FINALIZED","config":{"rewrites":[{"glob":"**","path":"/index.html"}]},"labels":{"deployment-tool":"cli-firebase"},"createTime":"2026-03-31T12:28:01.669786Z","createUser":{"email":"connectwithbigpiq@gmail.com","imageUrl":"https://lh3.googleusercontent.com/a/ACg8ocLu49ectVAVh-GkC77w23WxJ2CLM2qReAfvbOqM2Q9OuDBAupo"},"finalizeTime":"2026-03-31T12:28:06.336048Z","finalizeUser":{"email":"connectwithbigpiq@gmail.com","imageUrl":"https://lh3.googleusercontent.com/a/ACg8ocLu49ectVAVh-GkC77w23WxJ2CLM2qReAfvbOqM2Q9OuDBAupo"}},"type":"DEPLOY","releaseTime":"2026-03-31T12:28:06.391Z","releaseUser":{"email":"connectwithbigpiq@gmail.com","imageUrl":"https://lh3.googleusercontent.com/a/ACg8ocLu49ectVAVh-GkC77w23WxJ2CLM2qReAfvbOqM2Q9OuDBAupo"}}
[info] ✔  hosting[listee-hosting-2026]: release complete 
[info] 
[info] ✔  Deploy complete! 
[info] 
[info] Project Console: https://console.firebase.google.com/project/listee-hosting-2026/overview
[info] Hosting URL: https://listee-hosting-2026.web.app
[debug] [2026-03-31T12:35:04.937Z] ----------------------------------------------------------------------
[debug] [2026-03-31T12:35:04.938Z] Command:       /usr/bin/node /usr/local/bin/firebase hosting:sites:get listee-hosting-2026 --project listee-hosting-2026
[debug] [2026-03-31T12:35:04.939Z] CLI Version:   14.7.0
[debug] [2026-03-31T12:35:04.939Z] Platform:      linux
[debug] [2026-03-31T12:35:04.940Z] Node Version:  v20.19.2
[debug] [2026-03-31T12:35:04.940Z] Time:          Tue Mar 31 2026 18:05:04 GMT+0530 (India Standard Time)
[debug] [2026-03-31T12:35:04.940Z] ----------------------------------------------------------------------
[debug] 
[debug] [2026-03-31T12:35:05.242Z] > command requires scopes: ["email","openid","https://www.googleapis.com/auth/cloudplatformprojects.readonly","https://www.googleapis.com/auth/firebase","https://www.googleapis.com/auth/cloud-platform"]
[debug] [2026-03-31T12:35:05.243Z] > authorizing via signed-in user (connectwithbigpiq@gmail.com)
[debug] [2026-03-31T12:35:05.243Z] [iam] checking project listee-hosting-2026 for permissions ["firebase.projects.get","firebasehosting.sites.get"]
[debug] [2026-03-31T12:35:05.244Z] Checked if tokens are valid: true, expires at: 1774963388787
[debug] [2026-03-31T12:35:05.244Z] Checked if tokens are valid: true, expires at: 1774963388787
[debug] [2026-03-31T12:35:05.246Z] >>> [apiv2][query] POST https://cloudresourcemanager.googleapis.com/v1/projects/listee-hosting-2026:testIamPermissions [none]
[debug] [2026-03-31T12:35:05.246Z] >>> [apiv2][(partial)header] POST https://cloudresourcemanager.googleapis.com/v1/projects/listee-hosting-2026:testIamPermissions x-goog-quota-user=projects/listee-hosting-2026
[debug] [2026-03-31T12:35:05.246Z] >>> [apiv2][body] POST https://cloudresourcemanager.googleapis.com/v1/projects/listee-hosting-2026:testIamPermissions {"permissions":["firebase.projects.get","firebasehosting.sites.get"]}
[debug] [2026-03-31T12:35:06.685Z] <<< [apiv2][status] POST https://cloudresourcemanager.googleapis.com/v1/projects/listee-hosting-2026:testIamPermissions 200
[debug] [2026-03-31T12:35:06.685Z] <<< [apiv2][body] POST https://cloudresourcemanager.googleapis.com/v1/projects/listee-hosting-2026:testIamPermissions {"permissions":["firebase.projects.get","firebasehosting.sites.get"]}
[debug] [2026-03-31T12:35:06.687Z] Checked if tokens are valid: true, expires at: 1774963388787
[debug] [2026-03-31T12:35:06.687Z] Checked if tokens are valid: true, expires at: 1774963388787
[debug] [2026-03-31T12:35:06.687Z] >>> [apiv2][query] GET https://firebasehosting.googleapis.com/v1beta1/projects/listee-hosting-2026/sites/listee-hosting-2026 [none]
[debug] [2026-03-31T12:35:07.773Z] <<< [apiv2][status] GET https://firebasehosting.googleapis.com/v1beta1/projects/listee-hosting-2026/sites/listee-hosting-2026 200
[debug] [2026-03-31T12:35:07.774Z] <<< [apiv2][body] GET https://firebasehosting.googleapis.com/v1beta1/projects/listee-hosting-2026/sites/listee-hosting-2026 {"name":"projects/listee-hosting-2026/sites/listee-hosting-2026","defaultUrl":"https://listee-hosting-2026.web.app","type":"DEFAULT_SITE"}
[info] 
[info] ┌──────────────┬─────────────────────────────────────┐
│ Site ID:     │ listee-hosting-2026                 │
├──────────────┼─────────────────────────────────────┤
│ Default URL: │ https://listee-hosting-2026.web.app │
├──────────────┼─────────────────────────────────────┤
│ App ID:      │                                     │
└──────────────┴─────────────────────────────────────┘
